<?xml version="1.0" encoding="UTF-8"?>
<testsuite xmlns:xsi="http://www.w3.org/2001/XMLSchema-instance" xsi:noNamespaceSchemaLocation="https://maven.apache.org/surefire/maven-surefire-plugin/xsd/surefire-test-report-3.0.xsd" version="3.0" name="TestSuite" time="33.144" tests="3" errors="0" skipped="0" failures="0">
  <properties>
[...]
</properties>
  <testcase name="verifyTitle" classname="com.sk.tests.HomePageTest" time="0.229">
    <system-out><![CDATA[...
... TestNG 6.14.3 by Cédric Beust (cedric@beust.com)
...

Running on browser : chrome
Running on browser : chrome
]]></system-out>
    <system-err><![CDATA[SLF4J: Failed to load class "org.slf4j.impl.StaticLoggerBinder".
SLF4J: Defaulting to no-operation (NOP) logger implementation
SLF4J: See http://www.slf4j.org/codes.html#StaticLoggerBinder for further details.
StaSrting ChromeDriver 1tarting ChromeDri08ver 10.80.0..55335599..7711 (1e0e38 (618ee0ee3868ee006e91ad636a874420e63cae91ad636a874420e3ca3ae3756ac-refs/branch-heads/5359@{#1016}) on port 23625
Only3 local coanneecti3on7s56ac-refs/branch-heads/5359@{#1016}) on  port 18636
Only alorcea la clolnonweecdtions.
 are Plealasle seowe hedt.tp
Plsease: /s/eceh rhotmtepdsr:i/v/cehrr.ocmherdorimvieurm..cohrrgo/msium.org/esceuritcyu-consriidtyerations for s-ucoggestionnssid eorna tkieeping ChoromenDs forr suggestioinsv er safe.o
Cnhro mkeepeDriver was sitartedn succegssfully.
 ChromeDriver safe.
ChromeDriver was started successfully.
Jan 14, 2023 3:19:52 PM org.openqa.selenium.remote.ProtocolHandshake createSession
INFO: Detected dialect: W3C
Jan 14, 2023 3:19:53 PM org.openqa.selenium.remote.ProtocolHandshake createSession
INFO: Detected dialect: W3C
]]></system-err>
  </testcase>
  <testcase name="enterCredentials" classname="com.sk.tests.LoginPageTest" time="6.709"/>
  <testcase name="loginPageUrlTest" classname="com.sk.tests.LoginPageTest" time="1.663"/>
</testsuite>